Determining if the pthread_create exist failed with the following output:
Change Dir: /home/alejandro/Documentos/802/Gothmog/catkin_ws/build/CMakeFiles/CMakeTmp

Run Build Command:"/usr/bin/make" "cmTC_1a47a/fast"
/usr/bin/make -f CMakeFiles/cmTC_1a47a.dir/build.make CMakeFiles/cmTC_1a47a.dir/build
make[1]: se entra en el directorio '/home/alejandro/Documentos/802/Gothmog/catkin_ws/build/CMakeFiles/CMakeTmp'
Building C object CMakeFiles/cmTC_1a47a.dir/CheckSymbolExists.c.o
/usr/bin/cc    -o CMakeFiles/cmTC_1a47a.dir/CheckSymbolExists.c.o   -c /home/alejandro/Documentos/802/Gothmog/catkin_ws/build/CMakeFiles/CMakeTmp/CheckSymbolExists.c
Linking C executable cmTC_1a47a
/usr/bin/cmake -E cmake_link_script CMakeFiles/cmTC_1a47a.dir/link.txt --verbose=1
/usr/bin/cc      -rdynamic CMakeFiles/cmTC_1a47a.dir/CheckSymbolExists.c.o  -o cmTC_1a47a 
CMakeFiles/cmTC_1a47a.dir/CheckSymbolExists.c.o: En la función `main':
CheckSymbolExists.c:(.text+0x1b): referencia a `pthread_create' sin definir
collect2: error: ld returned 1 exit status
CMakeFiles/cmTC_1a47a.dir/build.make:97: fallo en las instrucciones para el objetivo 'cmTC_1a47a'
make[1]: *** [cmTC_1a47a] Error 1
make[1]: se sale del directorio '/home/alejandro/Documentos/802/Gothmog/catkin_ws/build/CMakeFiles/CMakeTmp'
Makefile:126: fallo en las instrucciones para el objetivo 'cmTC_1a47a/fast'
make: *** [cmTC_1a47a/fast] Error 2

File /home/alejandro/Documentos/802/Gothmog/catkin_ws/build/CMakeFiles/CMakeTmp/CheckSymbolExists.c:
/* */
#include <pthread.h>

int main(int argc, char** argv)
{
  (void)argv;
#ifndef pthread_create
  return ((int*)(&pthread_create))[argc];
#else
  (void)argc;
  return 0;
#endif
}

Determining if the function pthread_create exists in the pthreads failed with the following output:
Change Dir: /home/alejandro/Documentos/802/Gothmog/catkin_ws/build/CMakeFiles/CMakeTmp

Run Build Command:"/usr/bin/make" "cmTC_97b72/fast"
/usr/bin/make -f CMakeFiles/cmTC_97b72.dir/build.make CMakeFiles/cmTC_97b72.dir/build
make[1]: se entra en el directorio '/home/alejandro/Documentos/802/Gothmog/catkin_ws/build/CMakeFiles/CMakeTmp'
Building C object CMakeFiles/cmTC_97b72.dir/CheckFunctionExists.c.o
/usr/bin/cc   -DCHECK_FUNCTION_EXISTS=pthread_create   -o CMakeFiles/cmTC_97b72.dir/CheckFunctionExists.c.o   -c /usr/share/cmake-3.10/Modules/CheckFunctionExists.c
Linking C executable cmTC_97b72
/usr/bin/cmake -E cmake_link_script CMakeFiles/cmTC_97b72.dir/link.txt --verbose=1
/usr/bin/cc  -DCHECK_FUNCTION_EXISTS=pthread_create    -rdynamic CMakeFiles/cmTC_97b72.dir/CheckFunctionExists.c.o  -o cmTC_97b72 -lpthreads 
/usr/bin/ld: no se puede encontrar -lpthreads
collect2: error: ld returned 1 exit status
CMakeFiles/cmTC_97b72.dir/build.make:97: fallo en las instrucciones para el objetivo 'cmTC_97b72'
make[1]: *** [cmTC_97b72] Error 1
make[1]: se sale del directorio '/home/alejandro/Documentos/802/Gothmog/catkin_ws/build/CMakeFiles/CMakeTmp'
Makefile:126: fallo en las instrucciones para el objetivo 'cmTC_97b72/fast'
make: *** [cmTC_97b72/fast] Error 2


